I, [2019-02-05T22:10:30.516500 #1764]  INFO -- : File not found
I, [2019-02-05T22:10:30.516721 #1764]  INFO -- : "/home/ubuntu/workspace/lib/loaders/load_file.rb:8:in `opener'"
I, [2019-02-05T22:10:53.012175 #1778]  INFO -- : File not found
I, [2019-02-05T22:10:53.012383 #1778]  INFO -- : "/home/ubuntu/workspace/lib/loaders/load_file.rb:8:in `opener'"
I, [2019-02-05T22:11:34.069121 #1804]  INFO -- : File not found
I, [2019-02-05T22:11:34.069307 #1804]  INFO -- : "/home/ubuntu/workspace/lib/loaders/load_file.rb:8:in `opener'"
I, [2019-02-05T22:13:32.905724 #1884]  INFO -- : File not found
I, [2019-02-05T22:13:32.906005 #1884]  INFO -- : "/home/ubuntu/workspace/lib/loaders/load_file.rb:8:in `opener'"
I, [2019-02-05T22:13:32.909716 #1884]  INFO -- : Issue with JSON parsing in...
I, [2019-02-05T22:13:32.909829 #1884]  INFO -- : "/home/ubuntu/workspace/lib/loaders/load_json.rb:8:in `process_json'"
I, [2019-02-05T22:14:04.758422 #1895]  INFO -- : File not found
I, [2019-02-05T22:14:04.758655 #1895]  INFO -- : "/home/ubuntu/workspace/lib/loaders/load_file.rb:8:in `opener'"
I, [2019-02-05T22:15:28.072384 #1945]  INFO -- : File not found
I, [2019-02-05T22:15:28.072689 #1945]  INFO -- : "/home/ubuntu/workspace/lib/loaders/load_file.rb:8:in `opener'"
I, [2019-02-05T22:15:36.170943 #1955]  INFO -- : File not found
I, [2019-02-05T22:15:36.171098 #1955]  INFO -- : "/home/ubuntu/workspace/lib/loaders/load_file.rb:8:in `opener'"
I, [2019-02-05T22:15:36.174798 #1955]  INFO -- : Issue with JSON parsing in...
I, [2019-02-05T22:15:36.174924 #1955]  INFO -- : "/home/ubuntu/workspace/lib/loaders/load_json.rb:8:in `process_json'"
I, [2019-02-05T23:37:29.113547 #2306]  INFO -- : File not found
I, [2019-02-05T23:37:29.113805 #2306]  INFO -- : "/home/ubuntu/workspace/lib/loaders/load_file.rb:8:in `opener'"
I, [2019-02-05T23:37:29.116920 #2306]  INFO -- : Issue with JSON parsing in...
I, [2019-02-05T23:37:29.117026 #2306]  INFO -- : "/home/ubuntu/workspace/lib/loaders/load_json.rb:8:in `process_json'"
I, [2019-02-05T23:40:01.143609 #2356]  INFO -- : File not found
I, [2019-02-05T23:40:01.143770 #2356]  INFO -- : "/home/ubuntu/workspace/lib/loaders/load_file.rb:8:in `opener'"
I, [2019-02-05T23:40:01.146829 #2356]  INFO -- : Issue with JSON parsing in...
I, [2019-02-05T23:40:01.147011 #2356]  INFO -- : "/home/ubuntu/workspace/lib/loaders/load_json.rb:8:in `process_json'"
I, [2019-02-05T23:40:17.489400 #2374]  INFO -- : File not found
I, [2019-02-05T23:40:17.489583 #2374]  INFO -- : "/home/ubuntu/workspace/lib/loaders/load_file.rb:8:in `opener'"
I, [2019-02-05T23:40:17.493484 #2374]  INFO -- : Issue with JSON parsing in...
I, [2019-02-05T23:40:17.493629 #2374]  INFO -- : "/home/ubuntu/workspace/lib/loaders/load_json.rb:8:in `process_json'"
I, [2019-02-05T23:51:18.699655 #2446]  INFO -- : File not found
I, [2019-02-05T23:51:18.699807 #2446]  INFO -- : "/home/ubuntu/workspace/lib/loaders/load_file.rb:8:in `opener'"
I, [2019-02-05T23:51:18.703054 #2446]  INFO -- : Issue with JSON parsing in...
I, [2019-02-05T23:51:18.703189 #2446]  INFO -- : "/home/ubuntu/workspace/lib/loaders/load_json.rb:8:in `process_json'"
I, [2019-02-05T23:51:44.253456 #2456]  INFO -- : File not found
I, [2019-02-05T23:51:44.253639 #2456]  INFO -- : "/home/ubuntu/workspace/lib/loaders/load_file.rb:8:in `opener'"
I, [2019-02-05T23:51:44.256787 #2456]  INFO -- : Issue with JSON parsing in...
I, [2019-02-05T23:51:44.256894 #2456]  INFO -- : "/home/ubuntu/workspace/lib/loaders/load_json.rb:8:in `process_json'"
I, [2019-02-05T23:54:20.361577 #2482]  INFO -- : File not found
I, [2019-02-05T23:54:20.361770 #2482]  INFO -- : "/home/ubuntu/workspace/lib/loaders/load_file.rb:8:in `opener'"
I, [2019-02-05T23:54:20.365168 #2482]  INFO -- : Issue with JSON parsing in...
I, [2019-02-05T23:54:20.365307 #2482]  INFO -- : "/home/ubuntu/workspace/lib/loaders/load_json.rb:8:in `process_json'"
I, [2019-02-05T23:54:56.885632 #2499]  INFO -- : File not found
I, [2019-02-05T23:54:56.886179 #2499]  INFO -- : "/home/ubuntu/workspace/lib/loaders/load_file.rb:8:in `opener'"
I, [2019-02-05T23:54:56.889642 #2499]  INFO -- : Issue with JSON parsing in...
I, [2019-02-05T23:54:56.889788 #2499]  INFO -- : "/home/ubuntu/workspace/lib/loaders/load_json.rb:8:in `process_json'"
I, [2019-02-05T23:58:27.801297 #2527]  INFO -- : File not found
I, [2019-02-05T23:58:27.801466 #2527]  INFO -- : "/home/ubuntu/workspace/lib/loaders/load_file.rb:8:in `opener'"
I, [2019-02-05T23:58:27.805588 #2527]  INFO -- : Issue with JSON parsing in...
I, [2019-02-05T23:58:27.805771 #2527]  INFO -- : "/home/ubuntu/workspace/lib/loaders/load_json.rb:8:in `process_json'"
I, [2019-02-06T00:00:18.359045 #2568]  INFO -- : File not found
I, [2019-02-06T00:00:18.359216 #2568]  INFO -- : "/home/ubuntu/workspace/lib/loaders/load_file.rb:8:in `opener'"
I, [2019-02-06T00:00:18.362416 #2568]  INFO -- : Issue with JSON parsing in...
I, [2019-02-06T00:00:18.362567 #2568]  INFO -- : "/home/ubuntu/workspace/lib/loaders/load_json.rb:8:in `process_json'"
I, [2019-02-06T12:10:27.536819 #1260]  INFO -- : File not found
I, [2019-02-06T12:10:27.537083 #1260]  INFO -- : "/home/ubuntu/workspace/lib/loaders/load_file.rb:8:in `opener'"
I, [2019-02-06T12:10:27.540731 #1260]  INFO -- : Issue with JSON parsing in...
I, [2019-02-06T12:10:27.540842 #1260]  INFO -- : "/home/ubuntu/workspace/lib/loaders/load_json.rb:8:in `process_json'"
I, [2019-02-06T12:13:38.775762 #1841]  INFO -- : File not found
I, [2019-02-06T12:13:38.775908 #1841]  INFO -- : "/home/ubuntu/workspace/lib/loaders/load_file.rb:8:in `opener'"
I, [2019-02-06T12:13:38.779499 #1841]  INFO -- : Issue with JSON parsing in...
I, [2019-02-06T12:13:38.779635 #1841]  INFO -- : "/home/ubuntu/workspace/lib/loaders/load_json.rb:8:in `process_json'"
I, [2019-02-06T12:15:59.472694 #2159]  INFO -- : File not found
I, [2019-02-06T12:15:59.472850 #2159]  INFO -- : "/home/ubuntu/workspace/lib/loaders/load_file.rb:8:in `opener'"
I, [2019-02-06T12:15:59.475995 #2159]  INFO -- : Issue with JSON parsing in...
I, [2019-02-06T12:15:59.476102 #2159]  INFO -- : "/home/ubuntu/workspace/lib/loaders/load_json.rb:8:in `process_json'"
I, [2019-02-06T12:17:10.425867 #2175]  INFO -- : File not found
I, [2019-02-06T12:17:10.426062 #2175]  INFO -- : "/home/ubuntu/workspace/lib/loaders/load_file.rb:8:in `opener'"
I, [2019-02-06T12:17:10.430742 #2175]  INFO -- : Issue with JSON parsing in...
I, [2019-02-06T12:17:10.430922 #2175]  INFO -- : "/home/ubuntu/workspace/lib/loaders/load_json.rb:8:in `process_json'"
I, [2019-02-06T12:17:42.796127 #2198]  INFO -- : File not found
I, [2019-02-06T12:17:42.796307 #2198]  INFO -- : "/home/ubuntu/workspace/lib/loaders/load_file.rb:8:in `opener'"
I, [2019-02-06T12:17:42.799332 #2198]  INFO -- : Issue with JSON parsing in...
I, [2019-02-06T12:17:42.799429 #2198]  INFO -- : "/home/ubuntu/workspace/lib/loaders/load_json.rb:8:in `process_json'"
I, [2019-02-06T12:18:02.845045 #2212]  INFO -- : File not found
I, [2019-02-06T12:18:02.845215 #2212]  INFO -- : "/home/ubuntu/workspace/lib/loaders/load_file.rb:8:in `opener'"
I, [2019-02-06T12:18:02.848540 #2212]  INFO -- : Issue with JSON parsing in...
I, [2019-02-06T12:18:02.848683 #2212]  INFO -- : "/home/ubuntu/workspace/lib/loaders/load_json.rb:8:in `process_json'"
I, [2019-02-06T12:20:06.640532 #2256]  INFO -- : File not found
I, [2019-02-06T12:20:06.640737 #2256]  INFO -- : "/home/ubuntu/workspace/lib/loaders/load_file.rb:8:in `opener'"
I, [2019-02-06T12:20:06.644304 #2256]  INFO -- : Issue with JSON parsing in...
I, [2019-02-06T12:20:06.644420 #2256]  INFO -- : "/home/ubuntu/workspace/lib/loaders/load_json.rb:8:in `process_json'"
I, [2019-02-06T12:20:18.349823 #2266]  INFO -- : File not found
I, [2019-02-06T12:20:18.349975 #2266]  INFO -- : "/home/ubuntu/workspace/lib/loaders/load_file.rb:8:in `opener'"
I, [2019-02-06T12:20:18.353010 #2266]  INFO -- : Issue with JSON parsing in...
I, [2019-02-06T12:20:18.353110 #2266]  INFO -- : "/home/ubuntu/workspace/lib/loaders/load_json.rb:8:in `process_json'"
I, [2019-02-06T12:20:27.335870 #2274]  INFO -- : File not found
I, [2019-02-06T12:20:27.336041 #2274]  INFO -- : "/home/ubuntu/workspace/lib/loaders/load_file.rb:8:in `opener'"
I, [2019-02-06T12:20:27.339604 #2274]  INFO -- : Issue with JSON parsing in...
I, [2019-02-06T12:20:27.339740 #2274]  INFO -- : "/home/ubuntu/workspace/lib/loaders/load_json.rb:8:in `process_json'"
I, [2019-02-06T12:20:39.679825 #2284]  INFO -- : File not found
I, [2019-02-06T12:20:39.680010 #2284]  INFO -- : "/home/ubuntu/workspace/lib/loaders/load_file.rb:8:in `opener'"
I, [2019-02-06T12:20:39.683636 #2284]  INFO -- : Issue with JSON parsing in...
I, [2019-02-06T12:20:39.683810 #2284]  INFO -- : "/home/ubuntu/workspace/lib/loaders/load_json.rb:8:in `process_json'"
I, [2019-02-06T12:21:00.776516 #2302]  INFO -- : File not found
I, [2019-02-06T12:21:00.776688 #2302]  INFO -- : "/home/ubuntu/workspace/lib/loaders/load_file.rb:8:in `opener'"
I, [2019-02-06T12:21:00.779834 #2302]  INFO -- : Issue with JSON parsing in...
I, [2019-02-06T12:21:00.779946 #2302]  INFO -- : "/home/ubuntu/workspace/lib/loaders/load_json.rb:8:in `process_json'"
I, [2019-02-06T12:22:03.720420 #2309]  INFO -- : File not found
I, [2019-02-06T12:22:03.720612 #2309]  INFO -- : "/home/ubuntu/workspace/lib/loaders/load_file.rb:8:in `opener'"
I, [2019-02-06T12:22:03.723676 #2309]  INFO -- : Issue with JSON parsing in...
I, [2019-02-06T12:22:03.723781 #2309]  INFO -- : "/home/ubuntu/workspace/lib/loaders/load_json.rb:8:in `process_json'"
I, [2019-02-06T12:25:31.212627 #2374]  INFO -- : File not found
I, [2019-02-06T12:25:31.212780 #2374]  INFO -- : "/home/ubuntu/workspace/lib/loaders/load_file.rb:8:in `opener'"
I, [2019-02-06T12:25:31.215890 #2374]  INFO -- : Issue with JSON parsing in...
I, [2019-02-06T12:25:31.216006 #2374]  INFO -- : "/home/ubuntu/workspace/lib/loaders/load_json.rb:8:in `process_json'"
I, [2019-02-06T12:25:50.315092 #2390]  INFO -- : File not found
I, [2019-02-06T12:25:50.315272 #2390]  INFO -- : "/home/ubuntu/workspace/lib/loaders/load_file.rb:8:in `opener'"
I, [2019-02-06T12:25:50.318292 #2390]  INFO -- : Issue with JSON parsing in...
I, [2019-02-06T12:25:50.318399 #2390]  INFO -- : "/home/ubuntu/workspace/lib/loaders/load_json.rb:8:in `process_json'"
I, [2019-02-06T12:47:23.431638 #2898]  INFO -- : File not found
I, [2019-02-06T12:47:23.431785 #2898]  INFO -- : "/home/ubuntu/workspace/lib/loaders/load_file.rb:8:in `opener'"
I, [2019-02-06T12:47:23.434862 #2898]  INFO -- : Issue with JSON parsing in...
I, [2019-02-06T12:47:23.434974 #2898]  INFO -- : "/home/ubuntu/workspace/lib/loaders/load_json.rb:8:in `process_json'"
I, [2019-02-06T12:49:54.839294 #2943]  INFO -- : File not found
I, [2019-02-06T12:49:54.839489 #2943]  INFO -- : "/home/ubuntu/workspace/lib/loaders/load_file.rb:8:in `opener'"
I, [2019-02-06T12:49:54.843667 #2943]  INFO -- : Issue with JSON parsing in...
I, [2019-02-06T12:49:54.843802 #2943]  INFO -- : "/home/ubuntu/workspace/lib/loaders/load_json.rb:8:in `process_json'"
I, [2019-02-06T12:51:55.319475 #2985]  INFO -- : File not found
I, [2019-02-06T12:51:55.319690 #2985]  INFO -- : "/home/ubuntu/workspace/lib/loaders/load_file.rb:8:in `opener'"
I, [2019-02-06T12:51:55.323161 #2985]  INFO -- : Issue with JSON parsing in...
I, [2019-02-06T12:51:55.323312 #2985]  INFO -- : "/home/ubuntu/workspace/lib/loaders/load_json.rb:8:in `process_json'"
I, [2019-02-06T12:54:17.692060 #3050]  INFO -- : File not found
I, [2019-02-06T12:54:17.692235 #3050]  INFO -- : "/home/ubuntu/workspace/lib/loaders/load_file.rb:8:in `opener'"
I, [2019-02-06T12:54:17.696347 #3050]  INFO -- : Issue with JSON parsing in...
I, [2019-02-06T12:54:17.696488 #3050]  INFO -- : "/home/ubuntu/workspace/lib/loaders/load_json.rb:8:in `process_json'"
I, [2019-02-06T12:54:32.162216 #3071]  INFO -- : File not found
I, [2019-02-06T12:54:32.162393 #3071]  INFO -- : "/home/ubuntu/workspace/lib/loaders/load_file.rb:8:in `opener'"
I, [2019-02-06T12:54:32.165948 #3071]  INFO -- : Issue with JSON parsing in...
I, [2019-02-06T12:54:32.166066 #3071]  INFO -- : "/home/ubuntu/workspace/lib/loaders/load_json.rb:8:in `process_json'"
I, [2019-02-06T12:57:43.543101 #3152]  INFO -- : File not found
I, [2019-02-06T12:57:43.543457 #3152]  INFO -- : "/home/ubuntu/workspace/lib/loaders/load_file.rb:8:in `opener'"
I, [2019-02-06T12:57:43.547538 #3152]  INFO -- : Issue with JSON parsing in...
I, [2019-02-06T12:57:43.547670 #3152]  INFO -- : "/home/ubuntu/workspace/lib/loaders/load_json.rb:8:in `process_json'"
I, [2019-02-06T13:06:58.115359 #3172]  INFO -- : File not found
I, [2019-02-06T13:06:58.115598 #3172]  INFO -- : "/home/ubuntu/workspace/lib/loaders/load_file.rb:8:in `opener'"
I, [2019-02-06T13:06:58.119159 #3172]  INFO -- : Issue with JSON parsing in...
I, [2019-02-06T13:06:58.119345 #3172]  INFO -- : "/home/ubuntu/workspace/lib/loaders/load_json.rb:8:in `process_json'"
I, [2019-02-06T13:07:17.618797 #3187]  INFO -- : File not found
I, [2019-02-06T13:07:17.618978 #3187]  INFO -- : "/home/ubuntu/workspace/lib/loaders/load_file.rb:8:in `opener'"
I, [2019-02-06T13:07:17.623758 #3187]  INFO -- : Issue with JSON parsing in...
I, [2019-02-06T13:07:17.623965 #3187]  INFO -- : "/home/ubuntu/workspace/lib/loaders/load_json.rb:8:in `process_json'"
I, [2019-02-06T13:07:17.631810 #3187]  INFO -- : File not found
I, [2019-02-06T13:07:17.631972 #3187]  INFO -- : "/home/ubuntu/workspace/lib/loaders/load_file.rb:8:in `opener'"
I, [2019-02-06T13:08:17.882828 #3214]  INFO -- : File not found
I, [2019-02-06T13:08:17.883022 #3214]  INFO -- : "/home/ubuntu/workspace/lib/loaders/load_file.rb:8:in `opener'"
I, [2019-02-06T13:08:17.886753 #3214]  INFO -- : Issue with JSON parsing in...
I, [2019-02-06T13:08:17.886918 #3214]  INFO -- : "/home/ubuntu/workspace/lib/loaders/load_json.rb:8:in `process_json'"
I, [2019-02-06T13:08:17.893112 #3214]  INFO -- : File not found
I, [2019-02-06T13:08:17.893267 #3214]  INFO -- : "/home/ubuntu/workspace/lib/loaders/load_file.rb:8:in `opener'"
I, [2019-02-06T13:08:43.835764 #3225]  INFO -- : File not found
I, [2019-02-06T13:08:43.835957 #3225]  INFO -- : "/home/ubuntu/workspace/lib/loaders/load_file.rb:8:in `opener'"
I, [2019-02-06T13:08:43.838891 #3225]  INFO -- : Issue with JSON parsing in...
I, [2019-02-06T13:08:43.839003 #3225]  INFO -- : "/home/ubuntu/workspace/lib/loaders/load_json.rb:8:in `process_json'"
I, [2019-02-06T14:04:50.237356 #4392]  INFO -- : File not found
I, [2019-02-06T14:04:50.237556 #4392]  INFO -- : "/home/ubuntu/workspace/lib/loaders/load_file.rb:8:in `opener'"
I, [2019-02-06T14:04:50.240754 #4392]  INFO -- : Issue with JSON parsing in...
I, [2019-02-06T14:04:50.240872 #4392]  INFO -- : "/home/ubuntu/workspace/lib/loaders/load_json.rb:8:in `process_json'"
I, [2019-02-06T14:20:54.639838 #4595]  INFO -- : File not found
I, [2019-02-06T14:20:54.640020 #4595]  INFO -- : "/home/ubuntu/workspace/lib/loaders/load_file.rb:8:in `opener'"
I, [2019-02-06T14:20:54.643284 #4595]  INFO -- : Issue with JSON parsing in...
I, [2019-02-06T14:20:54.643396 #4595]  INFO -- : "/home/ubuntu/workspace/lib/loaders/load_json.rb:8:in `process_json'"
I, [2019-02-06T14:22:54.331489 #4638]  INFO -- : File not found
I, [2019-02-06T14:22:54.331665 #4638]  INFO -- : "/home/ubuntu/workspace/lib/loaders/load_file.rb:8:in `opener'"
I, [2019-02-06T14:22:54.335441 #4638]  INFO -- : Issue with JSON parsing in...
I, [2019-02-06T14:22:54.335580 #4638]  INFO -- : "/home/ubuntu/workspace/lib/loaders/load_json.rb:8:in `process_json'"
I, [2019-02-06T14:23:56.110621 #4678]  INFO -- : File not found
I, [2019-02-06T14:23:56.110827 #4678]  INFO -- : "/home/ubuntu/workspace/lib/loaders/load_file.rb:8:in `opener'"
I, [2019-02-06T14:23:56.115089 #4678]  INFO -- : Issue with JSON parsing in...
I, [2019-02-06T14:23:56.115233 #4678]  INFO -- : "/home/ubuntu/workspace/lib/loaders/load_json.rb:8:in `process_json'"
I, [2019-02-06T14:24:32.548837 #4709]  INFO -- : File not found
I, [2019-02-06T14:24:32.549005 #4709]  INFO -- : "/home/ubuntu/workspace/lib/loaders/load_file.rb:8:in `opener'"
I, [2019-02-06T14:24:32.552103 #4709]  INFO -- : Issue with JSON parsing in...
I, [2019-02-06T14:24:32.552219 #4709]  INFO -- : "/home/ubuntu/workspace/lib/loaders/load_json.rb:8:in `process_json'"
I, [2019-02-06T14:27:13.564676 #4756]  INFO -- : Issue with class interface for LoadMessage in block in process_loaders in ...
I, [2019-02-06T14:27:13.564883 #4756]  INFO -- : "/home/ubuntu/workspace/lib/assemble_loaders.rb:36:in `block in process_loaders'"
I, [2019-02-06T14:27:13.604248 #4756]  INFO -- : File not found
I, [2019-02-06T14:27:13.604388 #4756]  INFO -- : "/home/ubuntu/workspace/lib/loaders/load_file.rb:8:in `opener'"
I, [2019-02-06T14:27:13.607416 #4756]  INFO -- : Issue with JSON parsing in...
I, [2019-02-06T14:27:13.607545 #4756]  INFO -- : "/home/ubuntu/workspace/lib/loaders/load_json.rb:8:in `process_json'"
I, [2019-02-06T14:27:13.609826 #4756]  INFO -- : Issue with class interface for LoadMessage in block in process_loaders in ...
I, [2019-02-06T14:27:13.609929 #4756]  INFO -- : "/home/ubuntu/workspace/lib/assemble_loaders.rb:36:in `block in process_loaders'"
I, [2019-02-06T14:27:13.611003 #4756]  INFO -- : Issue with class interface for LoadMessage in block in process_loaders in ...
I, [2019-02-06T14:27:13.611089 #4756]  INFO -- : "/home/ubuntu/workspace/lib/assemble_loaders.rb:36:in `block in process_loaders'"
I, [2019-02-06T14:28:35.953602 #4791]  INFO -- : File not found
I, [2019-02-06T14:28:35.953766 #4791]  INFO -- : "/home/ubuntu/workspace/lib/loaders/load_file.rb:8:in `opener'"
I, [2019-02-06T14:28:35.956882 #4791]  INFO -- : Issue with JSON parsing in...
I, [2019-02-06T14:28:35.956998 #4791]  INFO -- : "/home/ubuntu/workspace/lib/loaders/load_json.rb:8:in `process_json'"
I, [2019-02-06T14:29:43.345236 #4852]  INFO -- : File not found
I, [2019-02-06T14:29:43.345413 #4852]  INFO -- : "/home/ubuntu/workspace/lib/loaders/load_file.rb:8:in `opener'"
I, [2019-02-06T14:29:43.348387 #4852]  INFO -- : Issue with JSON parsing in...
I, [2019-02-06T14:29:43.348487 #4852]  INFO -- : "/home/ubuntu/workspace/lib/loaders/load_json.rb:8:in `process_json'"
I, [2019-02-06T15:09:53.569260 #5314]  INFO -- : File not found
I, [2019-02-06T15:09:53.569448 #5314]  INFO -- : "/home/ubuntu/workspace/lib/loaders/load_file.rb:8:in `opener'"
I, [2019-02-06T15:09:53.572496 #5314]  INFO -- : Issue with JSON parsing in...
I, [2019-02-06T15:09:53.572612 #5314]  INFO -- : "/home/ubuntu/workspace/lib/loaders/load_json.rb:8:in `process_json'"
I, [2019-02-06T15:10:19.134338 #5340]  INFO -- : File not found
I, [2019-02-06T15:10:19.134604 #5340]  INFO -- : "/home/ubuntu/workspace/lib/loaders/load_file.rb:8:in `opener'"
I, [2019-02-06T15:10:19.137676 #5340]  INFO -- : Issue with JSON parsing in...
I, [2019-02-06T15:10:19.137793 #5340]  INFO -- : "/home/ubuntu/workspace/lib/loaders/load_json.rb:8:in `process_json'"
I, [2019-02-06T15:10:42.582256 #5352]  INFO -- : File not found
I, [2019-02-06T15:10:42.582504 #5352]  INFO -- : "/home/ubuntu/workspace/lib/loaders/load_file.rb:8:in `opener'"
I, [2019-02-06T15:10:42.586887 #5352]  INFO -- : Issue with JSON parsing in...
I, [2019-02-06T15:10:42.587034 #5352]  INFO -- : "/home/ubuntu/workspace/lib/loaders/load_json.rb:8:in `process_json'"
I, [2019-02-06T15:20:20.032315 #5473]  INFO -- : File not found
I, [2019-02-06T15:20:20.032484 #5473]  INFO -- : "/home/ubuntu/workspace/lib/loaders/load_file.rb:8:in `opener'"
I, [2019-02-06T15:20:20.035415 #5473]  INFO -- : Issue with JSON parsing in...
I, [2019-02-06T15:20:20.035533 #5473]  INFO -- : "/home/ubuntu/workspace/lib/loaders/load_json.rb:8:in `process_json'"
I, [2019-02-06T15:39:00.463867 #5732]  INFO -- : File not found
I, [2019-02-06T15:39:00.464058 #5732]  INFO -- : "/home/ubuntu/workspace/lib/loaders/load_file.rb:8:in `opener'"
I, [2019-02-06T15:39:00.468391 #5732]  INFO -- : Issue with JSON parsing in...
I, [2019-02-06T15:39:00.468557 #5732]  INFO -- : "/home/ubuntu/workspace/lib/loaders/load_json.rb:8:in `process_json'"
I, [2019-02-06T19:16:52.088583 #7222]  INFO -- : Issue with class interface for LoadGuest in block in process_loaders in ...
I, [2019-02-06T19:16:52.088912 #7222]  INFO -- : "/home/ubuntu/workspace/lib/assemble_loaders.rb:36:in `block in process_loaders'"
I, [2019-02-06T19:16:52.139333 #7222]  INFO -- : File not found
I, [2019-02-06T19:16:52.139519 #7222]  INFO -- : "/home/ubuntu/workspace/lib/loaders/load_file.rb:8:in `opener'"
I, [2019-02-06T19:16:52.167956 #7222]  INFO -- : Issue with class interface for LoadGuest in block in process_loaders in ...
I, [2019-02-06T19:16:52.168143 #7222]  INFO -- : "/home/ubuntu/workspace/lib/assemble_loaders.rb:36:in `block in process_loaders'"
I, [2019-02-06T19:16:52.168802 #7222]  INFO -- : Issue with class interface for LoadGuest in block in process_loaders in ...
I, [2019-02-06T19:16:52.168914 #7222]  INFO -- : "/home/ubuntu/workspace/lib/assemble_loaders.rb:36:in `block in process_loaders'"
I, [2019-02-06T19:24:42.824244 #7404]  INFO -- : Issue with JSON parsing in...
I, [2019-02-06T19:24:42.824475 #7404]  INFO -- : "/home/ubuntu/workspace/lib/file_loader.rb:3:in `process_json'"
I, [2019-02-06T19:28:21.636122 #7431]  INFO -- : File not found
I, [2019-02-06T19:28:21.636410 #7431]  INFO -- : "/home/ubuntu/workspace/lib/loaders/load_file.rb:9:in `opener'"
I, [2019-02-06T19:28:21.640703 #7431]  INFO -- : Issue with JSON parsing in...
I, [2019-02-06T19:28:21.640815 #7431]  INFO -- : "/home/ubuntu/workspace/lib/file_loader.rb:3:in `process_json'"
I, [2019-02-06T23:09:57.788696 #8924]  INFO -- : Issue with JSON parsing in...
I, [2019-02-06T23:09:57.790409 #8924]  INFO -- : "/home/ubuntu/workspace/lib/json_parser.rb:6:in `process_json'"
I, [2019-02-06T23:10:31.046045 #8937]  INFO -- : Issue with JSON parsing in...
I, [2019-02-06T23:10:31.046226 #8937]  INFO -- : "/home/ubuntu/workspace/lib/json_parser.rb:6:in `process_json'"
I, [2019-02-06T23:11:35.430213 #8954]  INFO -- : Issue with JSON parsing in...
I, [2019-02-06T23:11:35.430385 #8954]  INFO -- : "/home/ubuntu/workspace/lib/json_parser.rb:6:in `process_json'"
I, [2019-02-07T19:08:05.485097 #1256]  INFO -- : Issue with JSON parsing in...
I, [2019-02-07T19:08:05.485334 #1256]  INFO -- : "/home/ubuntu/workspace/lib/json_parser.rb:6:in `process_json'"
I, [2019-02-07T19:32:53.913398 #1500]  INFO -- : Issue with JSON parsing in...
I, [2019-02-07T19:32:53.913560 #1500]  INFO -- : "/home/ubuntu/workspace/lib/json_parser.rb:6:in `process_json'"
I, [2019-02-07T19:39:06.342904 #1662]  INFO -- : Issue with JSON parsing in...
I, [2019-02-07T19:39:06.343125 #1662]  INFO -- : "/home/ubuntu/workspace/lib/json_parser.rb:6:in `process_json'"
I, [2019-02-07T19:40:02.497872 #1675]  INFO -- : Issue with JSON parsing in...
I, [2019-02-07T19:40:02.498081 #1675]  INFO -- : "/home/ubuntu/workspace/lib/json_parser.rb:6:in `process_json'"
I, [2019-02-07T19:44:14.592763 #1745]  INFO -- : Issue with JSON parsing in...
I, [2019-02-07T19:44:14.592932 #1745]  INFO -- : "/home/ubuntu/workspace/lib/json_parser.rb:6:in `process_json'"
I, [2019-02-07T19:49:48.011735 #1945]  INFO -- : Issue with JSON parsing in...
I, [2019-02-07T19:49:48.011947 #1945]  INFO -- : "/home/ubuntu/workspace/lib/json_parser.rb:6:in `process_json'"
I, [2019-02-07T19:53:34.232183 #3593]  INFO -- : Issue with JSON parsing in...
I, [2019-02-07T19:53:34.232469 #3593]  INFO -- : "/home/ubuntu/workspace/lib/json_parser.rb:6:in `process_json'"
I, [2019-02-07T19:53:43.750266 #3601]  INFO -- : Issue with JSON parsing in...
I, [2019-02-07T19:53:43.750455 #3601]  INFO -- : "/home/ubuntu/workspace/lib/json_parser.rb:6:in `process_json'"
I, [2019-02-07T19:55:02.884198 #3613]  INFO -- : File not found
I, [2019-02-07T19:55:02.884393 #3613]  INFO -- : "/home/ubuntu/workspace/lib/file_loader.rb:3:in `opener'"
I, [2019-02-07T19:55:02.949510 #3613]  INFO -- : Issue with JSON parsing in...
I, [2019-02-07T19:55:02.949749 #3613]  INFO -- : "/home/ubuntu/workspace/lib/json_parser.rb:6:in `process_json'"
I, [2019-02-07T19:55:51.456418 #3626]  INFO -- : File not found
I, [2019-02-07T19:55:51.456638 #3626]  INFO -- : "/home/ubuntu/workspace/lib/file_loader.rb:3:in `opener'"
I, [2019-02-07T19:55:51.536306 #3626]  INFO -- : Issue with JSON parsing in...
I, [2019-02-07T19:55:51.536528 #3626]  INFO -- : "/home/ubuntu/workspace/lib/json_parser.rb:6:in `process_json'"
I, [2019-02-07T19:58:24.869086 #3643]  INFO -- : File not found
I, [2019-02-07T19:58:24.869237 #3643]  INFO -- : "/home/ubuntu/workspace/lib/file_loader.rb:3:in `opener'"
I, [2019-02-07T19:58:24.904128 #3643]  INFO -- : Issue with JSON parsing in...
I, [2019-02-07T19:58:24.904276 #3643]  INFO -- : "/home/ubuntu/workspace/lib/json_parser.rb:6:in `process_json'"
